<?xml version="1.0" encoding="UTF-8"?>
<!-- Generated by org.testng.reporters.JUnitReportReporter -->
<testsuite skipped="0" hostname="DESKTOP-G4JM6EP" name="testCases.TC2_002_Login" tests="1" failures="0" timestamp="2022-04-03T21:35:38 CDT" time="3.005" errors="0">
  <testcase name="test_Login" time="3.005" classname="testCases.TC2_002_Login"/>
  <system-out/>
</testsuite> <!-- testCases.TC2_002_Login -->
