<?xml version="1.0" encoding="UTF-8"?>
<!-- Generated by org.testng.reporters.JUnitReportReporter -->
<testsuite skipped="0" hostname="DESKTOP-G4JM6EP" name="testCases.TC_001_AccountRegistration" tests="1" failures="0" timestamp="2022-04-03T21:35:38 CDT" time="3.025" errors="0">
  <testcase name="test_account_Registration" time="3.025" classname="testCases.TC_001_AccountRegistration"/>
  <system-out/>
</testsuite> <!-- testCases.TC_001_AccountRegistration -->
